http://t1.55156.com/uploads/tu/201607/qingchun/dx4qk54ekr5.jpg 
http://t1.55156.com/uploads/tu/201607/qingchun/qpexd5uriw0.jpg 
http://t1.55156.com/uploads/tu/201607/qingchun/srhkhyfd2mo.jpg 
http://t1.55156.com/uploads/tu/201607/qingchun/0zj0pw3pei0.jpg 
http://t1.55156.com/uploads/tu/201607/qingchun/et4zgff4lda.jpg 
http://t1.55156.com/uploads/tu/201607/qingchun/kdm5333uh1o.jpg 
http://t1.55156.com/uploads/tu/201607/qingchun/a5kslrbwl4r.jpg 
http://t1.55156.com/uploads/tu/201607/qingchun/q2chnm5mzkc.jpg 
http://t1.55156.com/uploads/tu/201607/qingchun/50mxa14qkfn.jpg 
http://t1.55156.com/uploads/tu/201607/qingchun/rvz5wxidzg4.jpg 
http://t1.55156.com/uploads/tu/201607/qingchun/p0xiorrp3re.jpg 
http://t1.55156.com/uploads/tu/201607/qingchun/th5sybvfoev.jpg 
http://t1.55156.com/uploads/tu/201607/qingchun/tyvxedo02z2.jpg 
http://t1.55156.com/uploads/tu/201607/qingchun/g30xjejttf1.jpg 
http://t1.55156.com/uploads/tu/201607/qingchun/ieglm4ggz4k.jpg 
http://t1.55156.com/uploads/tu/201607/qingchun/kztqdumbkvp.jpg 
http://t1.55156.com/uploads/tu/201607/qingchun/p3jv4vg1gyq.jpg 
http://t1.55156.com/uploads/tu/201607/qingchun/ddowpgdhugp.jpg 
http://t1.55156.com/uploads/tu/201607/qingchun/c0uihkcuro0.jpg 
http://t1.55156.com/uploads/tu/201607/qingchun/ozwadhszui4.jpg 
http://t1.55156.com/uploads/tu/201607/qingchun/1t31r3x33ob.jpg 
http://t1.55156.com/uploads/tu/201607/qingchun/qfxo2ae5duw.jpg 
http://t1.55156.com/uploads/tu/201607/qingchun/02mn4cqzdy4.jpg 
http://t1.55156.com/uploads/tu/201607/qingchun/qdlujk2os5n.jpg 
http://t1.55156.com/uploads/tu/201607/qingchun/juren4k2mzv.jpg 
http://t1.55156.com/uploads/tu/201607/qingchun/1cplo30jbnq.jpg 
http://t1.55156.com/uploads/tu/201607/qingchun/if2shb04bh5.jpg 
http://t1.55156.com/uploads/tu/201607/qingchun/y2bqdemz3z3.jpg 
http://t1.55156.com/uploads/tu/201607/qingchun/r4ty14n3aro.jpg 
http://t1.55156.com/uploads/tu/201607/qingchun/2yg5jp3ph54.jpg 
http://t1.55156.com/uploads/tu/201607/qingchun/3mrdosjp3ph.jpg 
http://t1.55156.com/uploads/tu/201607/qingchun/4huex5t2bm0.jpg 
http://t1.55156.com/uploads/tu/201607/qingchun/24eokhdm1mt.jpg 
http://t1.55156.com/uploads/tu/201607/qingchun/xssdgxxiuwi.jpg 
http://t1.55156.com/uploads/tu/201607/qingchun/onbrgs3kcn1.jpg 
http://t1.55156.com/uploads/tu/201607/qingchun/xeoaevpmvp2.jpg 
http://t1.55156.com/uploads/tu/201607/qingchun/qynqwyfplth.jpg 
http://t1.55156.com/uploads/tu/201607/qingchun/u00r41mvjjb.jpg 
http://t1.55156.com/uploads/tu/201607/qingchun/ecvsmhsgmbw.jpg 
http://t1.55156.com/uploads/tu/201607/qingchun/c1q2a3ehrrj.jpg 
http://t1.55156.com/uploads/tu/201607/qingchun/wngqzhon3b5.jpg 
http://t1.55156.com/uploads/tu/201607/qingchun/0qdlufqg3sa.jpg 
http://t1.55156.com/uploads/tu/201607/qingchun/pvsb1uautmj.jpg 
http://t1.55156.com/uploads/tu/201607/qingchun/l5htxj4snod.jpg 
http://t1.55156.com/uploads/tu/201607/qingchun/glhwkzdsdjt.jpg 
http://t1.55156.com/uploads/tu/201607/qingchun/i0gqjuhwwnr.jpg 
http://t1.55156.com/uploads/tu/201607/qingchun/ea0tew2wyas.jpg 
http://t1.55156.com/uploads/tu/201607/qingchun/5iiq0i1g2vg.jpg 
http://t1.55156.com/uploads/tu/201607/qingchun/2ljxo50v34q.jpg 
http://t1.55156.com/uploads/tu/201607/qingchun/p5jvbvfkoce.jpg 
http://t1.55156.com/uploads/tu/201607/qingchun/r2t1molxfxd.jpg 
http://t1.55156.com/uploads/tu/201607/qingchun/sy3durjnad1.jpg 
http://t1.55156.com/uploads/tu/201607/qingchun/n0aje3wms3v.jpg 
http://t1.55156.com/uploads/tu/201607/qingchun/ys0bujdewvm.jpg 
http://t1.55156.com/uploads/tu/201607/qingchun/q1430k5eqxl.jpg 
http://t1.55156.com/uploads/tu/201607/qingchun/gxrknahemks.jpg 
http://t1.55156.com/uploads/tu/201607/qingchun/ypx50zh2ppb.jpg 
http://t1.55156.com/uploads/tu/201607/qingchun/mndqeg0a0oa.jpg 
http://t1.55156.com/uploads/tu/201607/qingchun/jja1hdk5d4f.jpg 
http://t1.55156.com/uploads/tu/201607/qingchun/2ky3fzkakyv.jpg 
http://t1.55156.com/uploads/tu/201607/qingchun/jbj00fm23mn.jpg 
http://t1.55156.com/uploads/tu/201607/qingchun/stjonqxeixs.jpg 
http://t1.55156.com/uploads/tu/201607/qingchun/hccwzcdzpnu.jpg 
http://t1.55156.com/uploads/tu/201607/qingchun/abgtjug04lq.jpg 
http://t1.55156.com/uploads/tu/201607/qingchun/fx5gc5zyqgo.jpg 
http://t1.55156.com/uploads/tu/201607/qingchun/1elzzwrrsg1.jpg 
http://t1.55156.com/uploads/tu/201607/qingchun/fsifdsaet5t.jpg 
http://t1.55156.com/uploads/tu/201607/qingchun/3xuhv5qkpcy.jpg 
http://t1.55156.com/uploads/tu/201607/qingchun/5ljslpr4p3d.jpg 
http://t1.55156.com/uploads/tu/201607/qingchun/50tft0qlflg.jpg 
http://t1.55156.com/uploads/tu/201607/qingchun/qmrfz4hfjwx.jpg 
http://t1.55156.com/uploads/tu/201607/qingchun/y4t4qon25ny.jpg 
http://t1.55156.com/uploads/tu/201607/qingchun/4kg00jjviqx.jpg 
http://t1.55156.com/uploads/tu/201607/qingchun/neab0zjxo1n.jpg 
http://t1.55156.com/uploads/tu/201607/qingchun/gixqycbsi0f.jpg 
http://t1.55156.com/uploads/tu/201607/qingchun/ki3buaotvvk.jpg 
http://t1.55156.com/uploads/tu/201607/qingchun/gu15a5d2mis.jpg 
http://t1.55156.com/uploads/tu/201607/qingchun/0oq1svevakk.jpg 
http://t1.55156.com/uploads/tu/201607/qingchun/jt0zpcme5ah.jpg 
http://t1.55156.com/uploads/tu/201607/qingchun/ojlb3hlor5e.jpg 
http://t1.55156.com/uploads/tu/201607/qingchun/nomo5ifsi3s.jpg 
http://t1.55156.com/uploads/tu/201607/qingchun/fextoowx2im.jpg 
http://t1.55156.com/uploads/tu/201607/qingchun/aofeyfwg5s0.jpg 
http://t1.55156.com/uploads/tu/201607/qingchun/v2cyqi0sith.jpg 
http://t1.55156.com/uploads/tu/201607/qingchun/gxrjhyrczsp.jpg 
http://t1.55156.com/uploads/tu/201607/qingchun/mkbrcc3jg10.jpg 
http://t1.55156.com/uploads/tu/201607/qingchun/ui3viowirit.jpg 
http://t1.55156.com/uploads/tu/201607/qingchun/sjahzd4ut5y.jpg 
http://t1.55156.com/uploads/tu/201607/qingchun/iya25e2jmzq.jpg 
http://t1.55156.com/uploads/tu/201607/qingchun/wypa0c14dgc.jpg 
http://t1.55156.com/uploads/tu/201607/qingchun/n45q2nlnpsw.jpg 
http://t1.55156.com/uploads/tu/201607/qingchun/ivgfpfnymb5.jpg 
http://t1.55156.com/uploads/tu/201607/qingchun/igsz5lufrkt.jpg 
http://t1.55156.com/uploads/tu/201607/qingchun/cunijh0144v.jpg 
http://t1.55156.com/uploads/tu/201607/qingchun/iaebghfjj32.jpg 
http://t1.55156.com/uploads/tu/201607/qingchun/brd0om5utbe.jpg 
http://t1.55156.com/uploads/tu/201607/qingchun/xrssnv2ou1b.jpg 
http://t1.55156.com/uploads/tu/201607/qingchun/acx4ff3wsk5.jpg 
http://t1.55156.com/uploads/tu/201607/qingchun/5well0ymhkz.jpg 
http://t1.55156.com/uploads/tu/201607/qingchun/nvl2zjabuuy.jpg 
http://t1.55156.com/uploads/tu/201607/qingchun/wwwlyunsfic.jpg 
http://t1.55156.com/uploads/tu/201607/qingchun/s2zay4w3nl0.jpg 
http://t1.55156.com/uploads/tu/201607/qingchun/j2zam0bzc0i.jpg 
http://t1.55156.com/uploads/tu/201607/qingchun/1tj1xwj0ixg.jpg 
http://t1.55156.com/uploads/tu/201607/qingchun/zqyhvpoejtz.jpg 
http://t1.55156.com/uploads/tu/201607/qingchun/03nf3wgxcau.jpg 
http://t1.55156.com/uploads/tu/201607/qingchun/rhaznrml0rz.jpg 
http://t1.55156.com/uploads/tu/201607/qingchun/ocyygvlr2qv.jpg 
http://t1.55156.com/uploads/tu/201607/qingchun/0mj4zxjknnc.jpg 
http://t1.55156.com/uploads/tu/201607/qingchun/0xmy25qv5j5.jpg 
http://t1.55156.com/uploads/tu/201607/qingchun/rhbhesuv0yg.jpg 
http://t1.55156.com/uploads/tu/201607/qingchun/xssmhqwoscd.jpg 
http://t1.55156.com/uploads/tu/201607/qingchun/prsjb53c1vi.jpg 
http://t1.55156.com/uploads/tu/201607/qingchun/uzt4vwkc2zf.jpg 
http://t1.55156.com/uploads/tu/201607/qingchun/0w2bgjjwx3o.jpg 
http://t1.55156.com/uploads/tu/201607/qingchun/5ksqqvzpdu3.jpg 
http://t1.55156.com/uploads/tu/201607/qingchun/inkgh3pytyz.jpg 
http://t1.55156.com/uploads/tu/201607/qingchun/ab3cjavvp4q.jpg 
http://t1.55156.com/uploads/tu/201607/qingchun/k2vip04tx2k.jpg 
http://t1.55156.com/uploads/tu/201607/qingchun/12bgs14t22t.jpg 
http://t1.55156.com/uploads/tu/201607/qingchun/vcl4mwnwq3g.jpg 
http://t1.55156.com/uploads/tu/201607/qingchun/plq51weu0tx.jpg 
http://t1.55156.com/uploads/tu/201607/qingchun/xj4xxcvdxsm.jpg 
http://t1.55156.com/uploads/tu/201607/qingchun/qhvli5peqw2.jpg 
http://t1.55156.com/uploads/tu/201607/qingchun/ctjp2sq00gn.jpg 
http://t1.55156.com/uploads/tu/201607/qingchun/ly3202dwmjo.jpg 
http://t1.55156.com/uploads/tu/201607/qingchun/r3iatalnyet.jpg 
http://t1.55156.com/uploads/tu/201607/qingchun/fqgaxqcn3g3.jpg 
http://t1.55156.com/uploads/tu/201607/qingchun/gguf35jzs5u.jpg 
http://t1.55156.com/uploads/tu/201607/qingchun/hntr2dotzxe.jpg 
http://t1.55156.com/uploads/tu/201607/qingchun/bojsedsokk4.jpg 
http://t1.55156.com/uploads/tu/201607/qingchun/etqg0b25q1n.jpg 
http://t1.55156.com/uploads/tu/201607/qingchun/0pokjf5qswh.jpg 
http://t1.55156.com/uploads/tu/201607/qingchun/v2dt4gp14fv.jpg 
http://t1.55156.com/uploads/tu/201607/qingchun/p4dlqeh5ib0.jpg 
http://t1.55156.com/uploads/tu/201607/qingchun/c2aoserkdl1.jpg 
http://t1.55156.com/uploads/tu/201607/qingchun/5l0ud4tssc4.jpg 
http://t1.55156.com/uploads/tu/201607/qingchun/z0jn3kdkigz.jpg 
http://t1.55156.com/uploads/tu/201607/qingchun/rvma4hpqxpr.jpg 
http://t1.55156.com/uploads/tu/201607/qingchun/h4iddmssmdf.jpg 
http://t1.55156.com/uploads/tu/201607/qingchun/andl4eojnlf.jpg 
http://t1.55156.com/uploads/tu/201607/qingchun/t2gpwonrou3.jpg 
http://t1.55156.com/uploads/tu/201607/qingchun/f2zw3me2iqt.jpg 
http://t1.55156.com/uploads/tu/201607/qingchun/mcutsxnkr0q.jpg 
http://t1.55156.com/uploads/tu/201607/qingchun/wlymf01ahqo.jpg 
http://t1.55156.com/uploads/tu/201607/qingchun/oz3cehe53g1.jpg 
http://t1.55156.com/uploads/tu/201607/qingchun/byck5gyggrd.jpg 
http://t1.55156.com/uploads/tu/201607/qingchun/nhqjetq2una.jpg 
http://t1.55156.com/uploads/tu/201607/qingchun/ht5crsluuhf.jpg 
http://t1.55156.com/uploads/tu/201607/qingchun/qlgswul5c0j.jpg 
http://t1.55156.com/uploads/tu/201607/qingchun/i0zrtuudxll.jpg 
http://t1.55156.com/uploads/tu/201607/qingchun/ycrupk1chgk.jpg 
http://t1.55156.com/uploads/tu/201607/qingchun/zm3qfnz1esc.jpg 
http://t1.55156.com/uploads/tu/201607/qingchun/jvcno5aohaj.jpg 
http://t1.55156.com/uploads/tu/201607/qingchun/oqtnmwlkxwc.jpg 
http://t1.55156.com/uploads/tu/201607/qingchun/uf052uicigf.jpg 
http://t1.55156.com/uploads/tu/201607/qingchun/afftt4fhcbb.jpg 
http://t1.55156.com/uploads/tu/201607/qingchun/xm5tnnigbjv.jpg 
http://t1.55156.com/uploads/tu/201607/qingchun/jfbfci0kp3e.jpg 
http://t1.55156.com/uploads/tu/201607/qingchun/zdykagsvu3z.jpg 
http://t1.55156.com/uploads/tu/201607/qingchun/tjgdm5ei5cw.jpg 
http://t1.55156.com/uploads/tu/201607/qingchun/a0qr2bjcnlb.jpg 
http://t1.55156.com/uploads/tu/201607/qingchun/gttrq0rya52.jpg 
http://t1.55156.com/uploads/tu/201607/qingchun/5o3brstw5gj.jpg 
http://t1.55156.com/uploads/tu/201607/qingchun/b5tnacawkzk.jpg 
http://t1.55156.com/uploads/tu/201607/qingchun/kbqgcouhmtw.jpg 
http://t1.55156.com/uploads/tu/201607/qingchun/njfsm2uf1ly.jpg 
http://t1.55156.com/uploads/tu/201607/qingchun/01k5s1i5d1p.jpg 
http://t1.55156.com/uploads/tu/201607/qingchun/rzffmkkiymk.jpg 
http://t1.55156.com/uploads/tu/201607/qingchun/1enudvafya3.jpg 
http://t1.55156.com/uploads/tu/201607/qingchun/gc1aprwfkxp.jpg 
http://t1.55156.com/uploads/tu/201607/qingchun/gz4kb2wr2hq.jpg 
http://t1.55156.com/uploads/tu/201607/qingchun/qao1tou2ilb.jpg 
http://t1.55156.com/uploads/tu/201607/qingchun/uqx5ihr0cxf.jpg 
http://t1.55156.com/uploads/tu/201607/qingchun/fbajg25urwh.jpg 
http://t1.55156.com/uploads/tu/201607/qingchun/gyvrnz2wxnx.jpg 
http://t1.55156.com/uploads/tu/201607/qingchun/ec5gymh4kwn.jpg 
http://t1.55156.com/uploads/tu/201607/qingchun/tt3qdmzksd4.jpg 
http://t1.55156.com/uploads/tu/201607/qingchun/af4h4lqben1.jpg 
http://t1.55156.com/uploads/tu/201607/qingchun/rm0g3o2w5en.jpg 
http://t1.55156.com/uploads/tu/201607/qingchun/2h1efnn1dwb.jpg 
http://t1.55156.com/uploads/tu/201607/qingchun/tjjlxdwpbhs.jpg 
http://t1.55156.com/uploads/tu/201607/qingchun/ipsv1mbzgzc.jpg 
http://t1.55156.com/uploads/tu/201607/qingchun/4usjhvbqqxa.jpg 
http://t1.55156.com/uploads/tu/201607/qingchun/uivlbqrjx5y.jpg 
http://t1.55156.com/uploads/tu/201607/qingchun/vf33y4l1ug2.jpg 
http://t1.55156.com/uploads/tu/201607/qingchun/jtskzq51zsy.jpg 
http://t1.55156.com/uploads/tu/201607/qingchun/bb3ra2nlxnb.jpg 
http://t1.55156.com/uploads/tu/201607/qingchun/momknvujfvr.jpg 
http://t1.55156.com/uploads/tu/201607/qingchun/h3wt1wwr5fn.jpg 
http://t1.55156.com/uploads/tu/201607/qingchun/yxta2xlly1i.jpg 
http://t1.55156.com/uploads/tu/201607/qingchun/lj4rffzjqe3.jpg 
http://t1.55156.com/uploads/tu/201607/qingchun/wn4jtgu0v2o.jpg 
http://t1.55156.com/uploads/tu/201607/qingchun/vspe2cqkqpn.jpg 
http://t1.55156.com/uploads/tu/201607/qingchun/v2qrirhbmtd.jpg 
http://t1.55156.com/uploads/tu/201607/qingchun/cmvhepulp4b.jpg 
http://t1.55156.com/uploads/tu/201607/qingchun/aa0ghf4yphh.jpg 
http://t1.55156.com/uploads/tu/201607/qingchun/n34jgweirtt.jpg 
http://t1.55156.com/uploads/tu/201607/qingchun/vo2qjita5aj.jpg 
http://t1.55156.com/uploads/tu/201607/qingchun/oxksj2fu4v4.jpg 
http://t1.55156.com/uploads/tu/201607/qingchun/ovhjjlctjra.jpg 
http://t1.55156.com/uploads/tu/201607/qingchun/lxs5mv2k0kd.jpg 
http://t1.55156.com/uploads/tu/201607/qingchun/mpj4cehc4ky.jpg 
http://t1.55156.com/uploads/tu/201607/qingchun/iekwv3w50m3.jpg 
http://t1.55156.com/uploads/tu/201607/qingchun/5ct11m4d0es.jpg 
http://t1.55156.com/uploads/tu/201607/qingchun/0bswz4zlkqr.jpg 
http://t1.55156.com/uploads/tu/201607/qingchun/lrc4rme3nc4.jpg 
http://t1.55156.com/uploads/tu/201607/qingchun/z3we01wewci.jpg 
http://t1.55156.com/uploads/tu/201607/qingchun/pfu3h31qp1p.jpg 
http://t1.55156.com/uploads/tu/201607/qingchun/pbw3ivefis1.jpg 
http://t1.55156.com/uploads/tu/201607/qingchun/z0kytznjhmg.jpg 
http://t1.55156.com/uploads/tu/201607/qingchun/si1hjmybkhi.jpg 
http://t1.55156.com/uploads/tu/201607/qingchun/qnm2c2ldrde.jpg 
http://t1.55156.com/uploads/tu/201607/qingchun/sfxvr0k3c3m.jpg 
http://t1.55156.com/uploads/tu/201607/qingchun/orpwm0azpmj.jpg 
http://t1.55156.com/uploads/tu/201607/qingchun/kdefrcdyeo5.jpg 
http://t1.55156.com/uploads/tu/201607/qingchun/t504k0gjgmg.jpg 
http://t1.55156.com/uploads/tu/201607/qingchun/ntqp1xkjgar.jpg 
http://t1.55156.com/uploads/tu/201607/qingchun/ccogi0avsma.jpg 
http://t1.55156.com/uploads/tu/201607/qingchun/hreqa535ma0.jpg 
http://t1.55156.com/uploads/tu/201607/qingchun/eduqtbh42dw.jpg 
http://t1.55156.com/uploads/tu/201607/qingchun/wxsgb42kjw5.jpg 
http://t1.55156.com/uploads/tu/201607/qingchun/bycbitujvjl.jpg 
http://t1.55156.com/uploads/tu/201607/qingchun/na1ulmxht5u.jpg 
http://t1.55156.com/uploads/tu/201607/qingchun/qlqriso5m4e.jpg 
http://t1.55156.com/uploads/tu/201607/qingchun/4mrad4x0js2.jpg 
http://t1.55156.com/uploads/tu/201607/qingchun/iwcrzuo32v3.jpg 
http://t1.55156.com/uploads/tu/201607/qingchun/gvy00mpfzrm.jpg 
http://t1.55156.com/uploads/tu/201607/qingchun/n330etc5sk4.jpg 
http://t1.55156.com/uploads/tu/201607/qingchun/xkvzyvdzpd0.jpg 
http://t1.55156.com/uploads/tu/201607/qingchun/54lpxn4hhzc.jpg 
http://t1.55156.com/uploads/tu/201607/qingchun/xfpxhoishxz.jpg 
http://t1.55156.com/uploads/tu/201607/qingchun/mpmlav14ei1.jpg 
http://t1.55156.com/uploads/tu/201607/qingchun/fjsgkqc1oot.jpg 
http://t1.55156.com/uploads/tu/201607/qingchun/5usemx5rnp1.jpg 
http://t1.55156.com/uploads/tu/201607/qingchun/juthcnrvfok.jpg 
http://t1.55156.com/uploads/tu/201607/qingchun/40owrmurp1h.jpg 
http://t1.55156.com/uploads/tu/201607/qingchun/itkrvhyn3dj.jpg 
http://t1.55156.com/uploads/tu/201607/qingchun/tu0p0dxshyp.jpg 
http://t1.55156.com/uploads/tu/201607/qingchun/dvcorsdnzbp.jpg 
http://t1.55156.com/uploads/tu/201607/qingchun/l4gp13eplgv.jpg 
http://t1.55156.com/uploads/tu/201607/qingchun/tjbbbb4clrm.jpg 
http://t1.55156.com/uploads/tu/201607/qingchun/xw5yx1jnwef.jpg 
http://t1.55156.com/uploads/tu/201607/qingchun/na4fve4q2cc.jpg 
http://t1.55156.com/uploads/tu/201607/qingchun/meegrz3hp4z.jpg 
http://t1.55156.com/uploads/tu/201607/qingchun/eufkxqoljen.jpg 
http://t1.55156.com/uploads/tu/201607/qingchun/4tro2tm5owo.jpg 
http://t1.55156.com/uploads/tu/201607/qingchun/xplhlpsq3l2.jpg 
http://t1.55156.com/uploads/tu/201607/qingchun/qjuids3ulh4.jpg 
http://t1.55156.com/uploads/tu/201607/qingchun/mbykszz3fec.jpg 
http://t1.55156.com/uploads/tu/201607/qingchun/z21bg1kh3qf.jpg 
http://t1.55156.com/uploads/tu/201607/qingchun/kz0vtgfbedx.jpg 
http://t1.55156.com/uploads/tu/201607/qingchun/iw2xjwhj2lb.jpg 
http://t1.55156.com/uploads/tu/201607/qingchun/xz2blcveflh.jpg 
http://t1.55156.com/uploads/tu/201607/qingchun/nvlaqsnr0p3.jpg 
http://t1.55156.com/uploads/tu/201607/qingchun/p14ys0pahl4.jpg 
http://t1.55156.com/uploads/tu/201607/qingchun/3dzgpr1oxtz.jpg 
http://t1.55156.com/uploads/tu/201607/qingchun/dt5k3kvqheu.jpg 
http://t1.55156.com/uploads/tu/201607/qingchun/rsycpvlyege.jpg 
http://t1.55156.com/uploads/tu/201607/qingchun/kodvtunnpf5.jpg 
http://t1.55156.com/uploads/tu/201607/qingchun/g2liq4honjp.jpg 
http://t1.55156.com/uploads/tu/201607/qingchun/kugkdriags3.jpg 
http://t1.55156.com/uploads/tu/201607/qingchun/3jn12gy2fv0.jpg 
http://t1.55156.com/uploads/tu/201607/qingchun/rnk0dttogwd.jpg 
http://t1.55156.com/uploads/tu/201607/qingchun/q3clw5flfd1.jpg 
http://t1.55156.com/uploads/tu/201607/qingchun/2uf3qrzhkxg.jpg 
http://t1.55156.com/uploads/tu/201607/qingchun/zlgj1n52gid.jpg 
http://t1.55156.com/uploads/tu/201607/qingchun/jwumv1ua1cy.jpg 
http://t1.55156.com/uploads/tu/201607/qingchun/3tcrvuupvau.jpg 
http://t1.55156.com/uploads/tu/201607/qingchun/nrgp3uerwfb.jpg 
http://t1.55156.com/uploads/tu/201607/qingchun/0xy0au15hpy.jpg 
http://t1.55156.com/uploads/tu/201607/qingchun/dmbepd1dnes.jpg 
http://t1.55156.com/uploads/tu/201607/qingchun/ng5eink0c3v.jpg 
http://t1.55156.com/uploads/tu/201607/qingchun/wkxynobyjcv.jpg 
http://t1.55156.com/uploads/tu/201607/qingchun/wgdj1jmwn3m.jpg 
http://t1.55156.com/uploads/tu/201607/qingchun/nt0ejkx4xxr.jpg 
http://t1.55156.com/uploads/tu/201607/qingchun/wbk5y5vcujz.jpg 
http://t1.55156.com/uploads/tu/201607/qingchun/44e54xpjq00.jpg 
http://t1.55156.com/uploads/tu/201607/qingchun/45ersrtlajn.jpg 
http://t1.55156.com/uploads/tu/201607/qingchun/kszytu5rsph.jpg 
http://t1.55156.com/uploads/tu/201607/qingchun/3yu4aeurzlo.jpg 
http://t1.55156.com/uploads/tu/201607/qingchun/es2ztmgwvfe.jpg 
http://t1.55156.com/uploads/tu/201607/qingchun/1t02hczbzau.jpg 
http://t1.55156.com/uploads/tu/201607/qingchun/plmrq5ushvj.jpg 
http://t1.55156.com/uploads/tu/201607/qingchun/bvvwtrsvypc.jpg 
http://t1.55156.com/uploads/tu/201607/qingchun/c13a2b44an1.jpg 
http://t1.55156.com/uploads/tu/201607/qingchun/2q3hcbeutmc.jpg 
http://t1.55156.com/uploads/tu/201607/qingchun/lycosfecwy3.jpg 
http://t1.55156.com/uploads/tu/201607/qingchun/1ugxhl5p1oe.jpg 
http://t1.55156.com/uploads/tu/201607/qingchun/y0h4ythxmlm.jpg 
http://t1.55156.com/uploads/tu/201607/qingchun/4l25u23kg0y.jpg 
http://t1.55156.com/uploads/tu/201607/qingchun/gfb3rlyn5fa.jpg 
http://t1.55156.com/uploads/tu/201607/qingchun/vi1zicz3vg2.jpg 
http://t1.55156.com/uploads/tu/201607/qingchun/nhcwayeww0l.jpg 
http://t1.55156.com/uploads/tu/201607/qingchun/uyouwltwi3q.jpg 
http://t1.55156.com/uploads/tu/201607/qingchun/ac3kgok1bu3.jpg 
http://t1.55156.com/uploads/tu/201607/qingchun/vhomxdxju1r.jpg 
http://t1.55156.com/uploads/tu/201607/qingchun/vnokg5zlwez.jpg 
http://t1.55156.com/uploads/tu/201607/qingchun/ka5abcl001n.jpg 
http://t1.55156.com/uploads/tu/201607/qingchun/lm5sx2gujsr.jpg 
http://t1.55156.com/uploads/tu/201607/qingchun/w1qs5nawgda.jpg 
http://t1.55156.com/uploads/tu/201607/qingchun/mzg0xh1ogim.jpg 
http://t1.55156.com/uploads/tu/201607/qingchun/rtoko3dc2ve.jpg 
http://t1.55156.com/uploads/tu/201607/qingchun/zu0dtfi4rjz.jpg 
http://t1.55156.com/uploads/tu/201607/qingchun/juz10k1ubsr.jpg 
http://t1.55156.com/uploads/tu/201607/qingchun/0cq0awgxmdb.jpg 
http://t1.55156.com/uploads/tu/201607/qingchun/sw4jerfj4qu.jpg 
http://t1.55156.com/uploads/tu/201607/qingchun/c0ofnknffx3.jpg 
http://t1.55156.com/uploads/tu/201607/qingchun/v3pkbmicz25.jpg 
http://t1.55156.com/uploads/tu/201607/qingchun/wtmaauausss.jpg 
http://t1.55156.com/uploads/tu/201607/qingchun/1zd30o33u11.jpg 
http://t1.55156.com/uploads/tu/201607/qingchun/urswwvtsuzq.jpg 
http://t1.55156.com/uploads/tu/201607/qingchun/vhglwxbdeh4.jpg 
http://t1.55156.com/uploads/tu/201607/qingchun/2ug5qcyrllm.jpg 
http://t1.55156.com/uploads/tu/201607/qingchun/jm14f1bsfmx.jpg 
http://t1.55156.com/uploads/tu/201607/qingchun/ejk3citfnnv.jpg 
http://t1.55156.com/uploads/tu/201607/qingchun/ak45nwhvww4.jpg 
http://t1.55156.com/uploads/tu/201607/qingchun/es4rpiudus3.jpg 
http://t1.55156.com/uploads/tu/201607/qingchun/kl2ugw3iygn.jpg 
http://t1.55156.com/uploads/tu/201607/qingchun/wh1ddckfxp4.jpg 
http://t1.55156.com/uploads/tu/201607/qingchun/1ldtx22hzu5.jpg 
http://t1.55156.com/uploads/tu/201607/qingchun/jq3wfpxqoj3.jpg 
http://t1.55156.com/uploads/tu/201607/qingchun/meyclh4mqir.jpg 
http://t1.55156.com/uploads/tu/201607/qingchun/ne3uhehmrpw.jpg 
http://t1.55156.com/uploads/tu/201607/qingchun/0xz4o30ybvn.jpg 
http://t1.55156.com/uploads/tu/201607/qingchun/uskqcgnmbdr.jpg 
http://t1.55156.com/uploads/tu/201607/qingchun/tm2qkwyprzm.jpg 
http://t1.55156.com/uploads/tu/201607/qingchun/xdri54lgeff.jpg 
http://t1.55156.com/uploads/tu/201607/qingchun/zeu1b2lzhyd.jpg 
http://t1.55156.com/uploads/tu/201607/qingchun/kssj2vmfhzc.jpg 
http://t1.55156.com/uploads/tu/201607/qingchun/44hsnsqhq3j.jpg 
http://t1.55156.com/uploads/tu/201607/qingchun/hnpnwe0n1oz.jpg 
http://t1.55156.com/uploads/tu/201607/qingchun/xh1wqcth2x4.jpg 
http://t1.55156.com/uploads/tu/201607/qingchun/4d5me5hxkba.jpg 
http://t1.55156.com/uploads/tu/201607/qingchun/nbre2vgbotw.jpg 
http://t1.55156.com/uploads/tu/201607/qingchun/x25mf43c502.jpg 
http://t1.55156.com/uploads/tu/201607/qingchun/nark12jdw2j.jpg 
http://t1.55156.com/uploads/tu/201607/qingchun/aa3bbdng0km.jpg 
http://t1.55156.com/uploads/tu/201607/qingchun/gmhzt1yxfu3.jpg 
http://t1.55156.com/uploads/tu/201607/qingchun/fp0s4s4pnha.jpg 
http://t1.55156.com/uploads/tu/201607/qingchun/hma3z3xsrb0.jpg 
http://t1.55156.com/uploads/tu/201607/qingchun/tzd51dfbz5f.jpg 
http://t1.55156.com/uploads/tu/201607/qingchun/4ykbllpbgxc.jpg 
http://t1.55156.com/uploads/tu/201607/qingchun/ggj40oebopd.jpg 
http://t1.55156.com/uploads/tu/201607/qingchun/tefvh2buu2e.jpg 
http://t1.55156.com/uploads/tu/201607/qingchun/dmyosy15kl1.jpg 
http://t1.55156.com/uploads/tu/201607/qingchun/cilv5hjnedh.jpg 
http://t1.55156.com/uploads/tu/201607/qingchun/ohjo4pxpno2.jpg 
http://t1.55156.com/uploads/tu/201607/qingchun/2gnbyvze41o.jpg 
http://t1.55156.com/uploads/tu/201607/qingchun/5wxopiv2gaz.jpg 
http://t1.55156.com/uploads/tu/201607/qingchun/sbnalvtx5hm.jpg 
http://t1.55156.com/uploads/tu/201607/qingchun/mdlf2dogwum.jpg 
http://t1.55156.com/uploads/tu/201607/qingchun/i1xgzubpqo0.jpg 
http://t1.55156.com/uploads/tu/201607/qingchun/0k225jjlie0.jpg 
http://t1.55156.com/uploads/tu/201607/qingchun/gldxakz0hfl.jpg 
http://t1.55156.com/uploads/tu/201607/qingchun/5aih1sne1op.jpg 
http://t1.55156.com/uploads/tu/201607/qingchun/a0gu1eg10ab.jpg 
http://t1.55156.com/uploads/tu/201607/qingchun/0aavvy2g333.jpg 
http://t1.55156.com/uploads/tu/201607/qingchun/tc2rdsf5uqp.jpg 
http://t1.55156.com/uploads/tu/201607/qingchun/c0seykeneaf.jpg 
http://t1.55156.com/uploads/tu/201607/qingchun/ocjgfqkowbz.jpg 
http://t1.55156.com/uploads/tu/201607/qingchun/xpd4e2vfglg.jpg 
http://t1.55156.com/uploads/tu/201607/qingchun/kv1vjzz2zpn.jpg 
http://t1.55156.com/uploads/tu/201607/qingchun/lt13yfvici4.jpg 
http://t1.55156.com/uploads/tu/201607/qingchun/mh3osscj10v.jpg 
http://t1.55156.com/uploads/tu/201607/qingchun/iu0xqebajd3.jpg 
http://t1.55156.com/uploads/tu/201607/qingchun/dtsb0vm0osf.jpg 
http://t1.55156.com/uploads/tu/201607/qingchun/dkhlsi4mhj1.jpg 
http://t1.55156.com/uploads/tu/201607/qingchun/fujv21yji4d.jpg 
http://t1.55156.com/uploads/tu/201607/qingchun/rzjh51yec2i.jpg 
http://t1.55156.com/uploads/tu/201607/qingchun/niouehuznyp.jpg 
http://t1.55156.com/uploads/tu/201607/qingchun/uanbtyzhpmi.jpg 
http://t1.55156.com/uploads/tu/201607/qingchun/4bvo2uxnn0a.jpg 
http://t1.55156.com/uploads/tu/201607/qingchun/wjhzt1lhim4.jpg 
http://t1.55156.com/uploads/tu/201607/qingchun/fxkwf0blbww.jpg 
http://t1.55156.com/uploads/tu/201607/qingchun/y4o1ydkdnqf.jpg 
http://t1.55156.com/uploads/tu/201607/qingchun/zy4z5iy3agf.jpg 
http://t1.55156.com/uploads/tu/201607/qingchun/qynpoy422j5.jpg 
http://t1.55156.com/uploads/tu/201607/qingchun/z15snfekwrp.jpg 
http://t1.55156.com/uploads/tu/201607/qingchun/kcghfmqzb1n.jpg 
http://t1.55156.com/uploads/tu/201607/qingchun/zwuq5p5ub0q.jpg 
http://t1.55156.com/uploads/tu/201607/qingchun/stgjgncc2vd.jpg 
http://t1.55156.com/uploads/tu/201607/qingchun/orj23dhjiin.jpg 
http://t1.55156.com/uploads/tu/201607/qingchun/twbgo1dscbx.jpg 
http://t1.55156.com/uploads/tu/201607/qingchun/1t0he0er23p.jpg 
http://t1.55156.com/uploads/tu/201607/qingchun/knne2yeonu4.jpg 
http://t1.55156.com/uploads/tu/201607/qingchun/ewyjpgh5dr1.jpg 
http://t1.55156.com/uploads/tu/201607/qingchun/tzbmxll5tno.jpg 
http://t1.55156.com/uploads/tu/201607/qingchun/npwtvmz3ult.jpg 
http://t1.55156.com/uploads/tu/201607/qingchun/tyuagycyhqv.jpg 
http://t1.55156.com/uploads/tu/201607/qingchun/t3cbxqw5pen.jpg 
http://t1.55156.com/uploads/tu/201607/qingchun/w4vvv1whgis.jpg 
http://t1.55156.com/uploads/tu/201607/qingchun/5b3ieqvmzrw.jpg 
http://t1.55156.com/uploads/tu/201607/qingchun/5lbgakt3bcj.jpg 
http://t1.55156.com/uploads/tu/201607/qingchun/xb01lzhz010.jpg 
http://t1.55156.com/uploads/tu/201607/qingchun/n5d3prjempo.jpg 
http://t1.55156.com/uploads/tu/201607/qingchun/efkoyye5m43.jpg 
http://t1.55156.com/uploads/tu/201607/qingchun/cq1twjzgibb.jpg 
http://t1.55156.com/uploads/tu/201607/qingchun/ag4ht34wyek.jpg 
http://t1.55156.com/uploads/tu/201607/qingchun/zwd140fegn2.jpg 
http://t1.55156.com/uploads/tu/201607/qingchun/l3salzommo0.jpg 
http://t1.55156.com/uploads/tu/201607/qingchun/iqfhtxg12lj.jpg 
http://t1.55156.com/uploads/tu/201607/qingchun/avx4ltqzmpy.jpg 
http://t1.55156.com/uploads/tu/201607/qingchun/znvx4gduuro.jpg 
http://t1.55156.com/uploads/tu/201607/qingchun/a4hwupbwuyo.jpg 
http://t1.55156.com/uploads/tu/201607/qingchun/2jpwznris5w.jpg 
http://t1.55156.com/uploads/tu/201607/qingchun/4a3gs4k4acp.jpg 
http://t1.55156.com/uploads/tu/201607/qingchun/oaug3prksea.jpg 
http://t1.55156.com/uploads/tu/201607/qingchun/cjpxvqb00ci.jpg 
http://t1.55156.com/uploads/tu/201607/qingchun/xbc435luifn.jpg 
http://t1.55156.com/uploads/tu/201607/qingchun/2oy4nklgsr0.jpg 
http://t1.55156.com/uploads/tu/201607/qingchun/p3gt2hbxrul.jpg 
http://t1.55156.com/uploads/tu/201607/qingchun/mv154hcnn5n.jpg 
http://t1.55156.com/uploads/tu/201607/qingchun/e4ckvja3v1e.jpg 
http://t1.55156.com/uploads/tu/201607/qingchun/jkojor4c51k.jpg 
http://t1.55156.com/uploads/tu/201607/qingchun/42hyhdlfwxy.jpg 
http://t1.55156.com/uploads/tu/201607/qingchun/b5bmbm25qyd.jpg 
http://t1.55156.com/uploads/tu/201607/qingchun/bk4vzftv5uy.jpg 
http://t1.55156.com/uploads/tu/201607/qingchun/ozla0afzub2.jpg 
http://t1.55156.com/uploads/tu/201607/qingchun/z2fcuvogzlw.jpg 
http://t1.55156.com/uploads/tu/201607/qingchun/sjhqchdqryh.jpg 
http://t1.55156.com/uploads/tu/201607/qingchun/zemy4iz0w0l.jpg 
http://t1.55156.com/uploads/tu/201607/qingchun/xipdkn0y5yg.jpg 
http://t1.55156.com/uploads/tu/201607/qingchun/belurciziwa.jpg 
http://t1.55156.com/uploads/tu/201607/qingchun/b5xb4r4yuzf.jpg 
http://t1.55156.com/uploads/tu/201607/qingchun/giqlypslc5j.jpg 
http://t1.55156.com/uploads/tu/201607/qingchun/4bcrp14ttlx.jpg 
http://t1.55156.com/uploads/tu/201607/qingchun/wtdhr35mqc0.jpg 
http://t1.55156.com/uploads/tu/201607/qingchun/zigwzbv5pnz.jpg 
http://t1.55156.com/uploads/tu/201607/qingchun/cn31io30f1y.jpg 
http://t1.55156.com/uploads/tu/201607/qingchun/r5r3w2cleka.jpg 
http://t1.55156.com/uploads/tu/201607/qingchun/mufcmbiwjwz.jpg 
http://t1.55156.com/uploads/tu/201607/qingchun/nydnooxyhnq.jpg 
http://t1.55156.com/uploads/tu/201607/qingchun/4te3qdlolds.jpg 
http://t1.55156.com/uploads/tu/201607/qingchun/z2kvcaoqb5n.jpg 
http://t1.55156.com/uploads/tu/201607/qingchun/5pzmsqv3clq.jpg 
http://t1.55156.com/uploads/tu/201607/qingchun/sgtj5ggudxi.jpg 
http://t1.55156.com/uploads/tu/201607/qingchun/0ydob40kamp.jpg 
http://t1.55156.com/uploads/tu/201607/qingchun/gl4q5pyxkii.jpg 
http://t1.55156.com/uploads/tu/201607/qingchun/woak2d33bzh.jpg 
http://t1.55156.com/uploads/tu/201607/qingchun/21vwlkn0fnt.jpg 
http://t1.55156.com/uploads/tu/201607/qingchun/24tdn3y2m3e.jpg 
http://t1.55156.com/uploads/tu/201607/qingchun/g3sgchoar1h.jpg 
http://t1.55156.com/uploads/tu/201607/qingchun/blm2ny3nhlw.jpg 
http://t1.55156.com/uploads/tu/201607/qingchun/hlvqj4qoxin.jpg 
http://t1.55156.com/uploads/tu/201607/qingchun/bskid4cvyey.jpg 
http://t1.55156.com/uploads/tu/201607/qingchun/0y2l4nf5x1s.jpg 
http://t1.55156.com/uploads/tu/201607/qingchun/rgmjjae33n3.jpg 
http://t1.55156.com/uploads/tu/201607/qingchun/oqgrwyxmpka.jpg 
http://t1.55156.com/uploads/tu/201607/qingchun/my1t0uqdmsu.jpg 
http://t1.55156.com/uploads/tu/201607/qingchun/qzeqccofodr.jpg 
http://t1.55156.com/uploads/tu/201607/qingchun/npkjospe333.jpg 
http://t1.55156.com/uploads/tu/201607/qingchun/slvcomstmh3.jpg 
http://t1.55156.com/uploads/tu/201607/qingchun/kw2d3oaedkb.jpg 
http://t1.55156.com/uploads/tu/201607/qingchun/lvjqonf32ou.jpg 
http://t1.55156.com/uploads/tu/201607/qingchun/h0hfqmij2u3.jpg 
http://t1.55156.com/uploads/tu/201607/qingchun/4cpgnlub1ff.jpg 
http://t1.55156.com/uploads/tu/201607/qingchun/yljtvzhzc11.jpg 
http://t1.55156.com/uploads/tu/201607/qingchun/hlaa2eun5zc.jpg 
http://t1.55156.com/uploads/tu/201607/qingchun/2rgkgbpihv2.jpg 
http://t1.55156.com/uploads/tu/201607/qingchun/z0vwfhgkd1s.jpg 
http://t1.55156.com/uploads/tu/201607/qingchun/3my5qyagi0y.jpg 
http://t1.55156.com/uploads/tu/201607/qingchun/1hlshfph1gy.jpg 
http://t1.55156.com/uploads/tu/201607/qingchun/lffcucgkqde.jpg 
http://t1.55156.com/uploads/tu/201607/qingchun/kz4gy5m4v4e.jpg 
http://t1.55156.com/uploads/tu/201607/qingchun/wuca3secczq.jpg 
http://t1.55156.com/uploads/tu/201607/qingchun/j0xzelnt1ic.jpg 
http://t1.55156.com/uploads/tu/201607/qingchun/qdd0jvxbi5h.jpg 
http://t1.55156.com/uploads/tu/201607/qingchun/tmcd2txkmzu.jpg 
http://t1.55156.com/uploads/tu/201607/qingchun/ixoh4g2bfop.jpg 
http://t1.55156.com/uploads/tu/201607/qingchun/dv5o3nzjemk.jpg 
http://t1.55156.com/uploads/tu/201607/qingchun/rhufcbeteik.jpg 
http://t1.55156.com/uploads/tu/201607/qingchun/eeskp54haqc.jpg 
http://t1.55156.com/uploads/tu/201607/qingchun/unvxgjca0g3.jpg 
http://t1.55156.com/uploads/tu/201607/qingchun/lqdma1p00s3.jpg 
http://t1.55156.com/uploads/tu/201607/qingchun/bawbvumu4na.jpg 
http://t1.55156.com/uploads/tu/201607/qingchun/xxmzvzmux5v.jpg 
http://t1.55156.com/uploads/tu/201607/qingchun/2ic4o0a3mwu.jpg 
http://t1.55156.com/uploads/tu/201607/qingchun/w5vjc4xhwcx.jpg 
http://t1.55156.com/uploads/tu/201607/qingchun/jrhet1exmww.jpg 
http://t1.55156.com/uploads/tu/201607/qingchun/dvb3pyf5h3o.jpg 
http://t1.55156.com/uploads/tu/201607/qingchun/1rc0lfitqzk.jpg 
http://t1.55156.com/uploads/tu/201607/qingchun/dw3x5m51shd.jpg 
http://t1.55156.com/uploads/tu/201607/qingchun/32abnqmq4eu.jpg 
http://t1.55156.com/uploads/tu/201607/qingchun/41ymmzkgmr3.jpg 
http://t1.55156.com/uploads/tu/201607/qingchun/rz2hidxp3qd.jpg 
http://t1.55156.com/uploads/tu/201607/qingchun/wyys24t5xi3.jpg 
http://t1.55156.com/uploads/tu/201607/qingchun/qlnecc4p2mj.jpg 
http://t1.55156.com/uploads/tu/201607/qingchun/jap4l213x4q.jpg 
http://t1.55156.com/uploads/tu/201607/qingchun/v05odajxtlk.jpg 
http://t1.55156.com/uploads/tu/201607/qingchun/ao2dzxpa4lx.jpg 
http://t1.55156.com/uploads/tu/201607/qingchun/cizxwzdezqj.jpg 
http://t1.55156.com/uploads/tu/201607/qingchun/erogcy5bo3m.jpg 
http://t1.55156.com/uploads/tu/201607/qingchun/1vvizux2jbx.jpg 
http://t1.55156.com/uploads/tu/201607/qingchun/ikzfodicvbk.jpg 
http://t1.55156.com/uploads/tu/201607/qingchun/v3kmhpjryzo.jpg 
http://t1.55156.com/uploads/tu/201607/qingchun/q15rfto0yds.jpg 
http://t1.55156.com/uploads/tu/201607/qingchun/tnsxuzwlgon.jpg 
http://t1.55156.com/uploads/tu/201607/qingchun/vkzyhc5uooh.jpg 
http://t1.55156.com/uploads/tu/201607/qingchun/vmd3ka0x0hg.jpg 
http://t1.55156.com/uploads/tu/201607/qingchun/taulxn2ucsm.jpg 
http://t1.55156.com/uploads/tu/201607/qingchun/adzkuvtu25t.jpg 
http://t1.55156.com/uploads/tu/201607/qingchun/d52xacoycdy.jpg 
http://t1.55156.com/uploads/tu/201607/qingchun/zdwtmspurd0.jpg 
http://t1.55156.com/uploads/tu/201607/qingchun/cdcylkfw0go.jpg 
http://t1.55156.com/uploads/tu/201607/qingchun/adhs34g5x15.jpg 
http://t1.55156.com/uploads/tu/201607/qingchun/fm1pf0anopf.jpg 
http://t1.55156.com/uploads/tu/201607/qingchun/wca3viy12rb.jpg 
http://t1.55156.com/uploads/tu/201607/qingchun/zv4lc1wt0lp.jpg 
http://t1.55156.com/uploads/tu/201607/qingchun/yuckgg2lvv1.jpg 
http://t1.55156.com/uploads/tu/201607/qingchun/bkj5xjg0lf4.jpg 
http://t1.55156.com/uploads/tu/201607/qingchun/amilujb1piz.jpg 
http://t1.55156.com/uploads/tu/201607/qingchun/xtbfmk5yk22.jpg 
http://t1.55156.com/uploads/tu/201607/qingchun/4yrix4mzuls.jpg 
http://t1.55156.com/uploads/tu/201607/qingchun/5xoyccl2tvu.jpg 
http://t1.55156.com/uploads/tu/201607/qingchun/qrrexv4rlif.jpg 
http://t1.55156.com/uploads/tu/201607/qingchun/rrpyyk4t1nz.jpg 
http://t1.55156.com/uploads/tu/201607/qingchun/mv40cs4cxhd.jpg 
http://t1.55156.com/uploads/tu/201607/qingchun/wvo25v4xiwj.jpg 
http://t1.55156.com/uploads/tu/201607/qingchun/vjsf34tswn0.jpg 
http://t1.55156.com/uploads/tu/201607/qingchun/nkczu0uv4xf.jpg 
http://t1.55156.com/uploads/tu/201607/qingchun/ypzrgccqygw.jpg 
http://t1.55156.com/uploads/tu/201607/qingchun/ob5nea1rruh.jpg 
http://t1.55156.com/uploads/tu/201607/qingchun/jbob4emelve.jpg 
http://t1.55156.com/uploads/tu/201607/qingchun/xes2kgnqjsd.jpg 
http://t1.55156.com/uploads/tu/201607/qingchun/5taa2v5phxe.jpg 
http://t1.55156.com/uploads/tu/201607/qingchun/5kpj34xag4o.jpg 
http://t1.55156.com/uploads/tu/201607/qingchun/ujg3mozwgmn.jpg 
http://t1.55156.com/uploads/tu/201607/qingchun/x03j5bk2tqh.jpg 
http://t1.55156.com/uploads/tu/201607/qingchun/orpx3i3zbjq.jpg 
http://t1.55156.com/uploads/tu/201607/qingchun/z0bbuyfcj5d.jpg 
http://t1.55156.com/uploads/tu/201607/qingchun/nzp0pyyfwhu.jpg 
http://t1.55156.com/uploads/tu/201607/qingchun/vqobgtybuiz.jpg 
http://t1.55156.com/uploads/tu/201607/qingchun/zklmsno3vjj.jpg 
http://t1.55156.com/uploads/tu/201607/qingchun/iutujrhbmhr.jpg 
http://t1.55156.com/uploads/tu/201607/qingchun/5b0veyvflrc.jpg 
http://t1.55156.com/uploads/tu/201607/qingchun/sdfoe3n5pbu.jpg 
http://t1.55156.com/uploads/tu/201607/qingchun/xmbraxan1lk.jpg 
http://t1.55156.com/uploads/tu/201607/qingchun/y3tzs05jnpr.jpg 
http://t1.55156.com/uploads/tu/201607/qingchun/fyboup5fojk.jpg 
http://t1.55156.com/uploads/tu/201607/qingchun/lvqzxdpsc0r.jpg 
http://t1.55156.com/uploads/tu/201607/qingchun/2gji5uftimj.jpg 
http://t1.55156.com/uploads/tu/201607/qingchun/xjaxd3lxfru.jpg 
http://t1.55156.com/uploads/tu/201607/qingchun/xhnvs2txi14.jpg 
http://t1.55156.com/uploads/tu/201607/qingchun/mgh3hf3ttox.jpg 
http://t1.55156.com/uploads/tu/201607/qingchun/ogddqk122ls.jpg 
http://t1.55156.com/uploads/tu/201607/qingchun/mzidlhbbl02.jpg 
http://t1.55156.com/uploads/tu/201607/qingchun/c1i4stdkqif.jpg 
http://t1.55156.com/uploads/tu/201607/qingchun/2meygokojxj.jpg 
http://t1.55156.com/uploads/tu/201607/qingchun/n2i2j44yddb.jpg 
http://t1.55156.com/uploads/tu/201607/qingchun/vmwca4yu20t.jpg 
http://t1.55156.com/uploads/tu/201607/qingchun/xp5m3dpubqn.jpg 
http://t1.55156.com/uploads/tu/201607/qingchun/5wcipxyjcah.jpg 
http://t1.55156.com/uploads/tu/201607/qingchun/zxhsqdozpuh.jpg 
http://t1.55156.com/uploads/tu/201607/qingchun/kagnnk4unvn.jpg 
http://t1.55156.com/uploads/tu/201607/qingchun/1vjlrykyjm4.jpg 
http://t1.55156.com/uploads/tu/201607/qingchun/4quny3a4he0.jpg 
http://t1.55156.com/uploads/tu/201607/qingchun/qpxa1im4uyx.jpg 
http://t1.55156.com/uploads/tu/201607/qingchun/crviwyzmkxm.jpg 
http://t1.55156.com/uploads/tu/201607/qingchun/vvxkg0dkt12.jpg 
http://t1.55156.com/uploads/tu/201607/qingchun/gdi1b0sf3jv.jpg 
http://t1.55156.com/uploads/tu/201607/qingchun/htcy3upa03a.jpg 
http://t1.55156.com/uploads/tu/201607/qingchun/35pcs21jskv.jpg 
http://t1.55156.com/uploads/tu/201607/qingchun/s22w5kwnljg.jpg 
http://t1.55156.com/uploads/tu/201607/qingchun/32vlkukayar.jpg 
http://t1.55156.com/uploads/tu/201607/qingchun/4zfzevdjxnp.jpg 
http://t1.55156.com/uploads/tu/201607/qingchun/xsdybaqfpt0.jpg 
http://t1.55156.com/uploads/tu/201607/qingchun/et2icvkipfr.jpg 
http://t1.55156.com/uploads/tu/201607/qingchun/jbjfpq2yet1.jpg 
http://t1.55156.com/uploads/tu/201607/qingchun/tdrigorr4on.jpg 
http://t1.55156.com/uploads/tu/201607/qingchun/hdt2mtu20ls.jpg 
http://t1.55156.com/uploads/tu/201607/qingchun/zikiscnm5oh.jpg 
http://t1.55156.com/uploads/tu/201607/qingchun/wv055xgdcbe.jpg 
http://t1.55156.com/uploads/tu/201607/qingchun/l001l2whzz2.jpg 
http://t1.55156.com/uploads/tu/201607/qingchun/h5yksvnjsiv.jpg 
http://t1.55156.com/uploads/tu/201607/qingchun/mr2lewoyja1.jpg 
http://t1.55156.com/uploads/tu/201607/qingchun/gamiu2jivsw.jpg 
http://t1.55156.com/uploads/tu/201607/qingchun/eigqxq14ms2.jpg 
http://t1.55156.com/uploads/tu/201607/qingchun/qv0kscnkwx2.jpg 
http://t1.55156.com/uploads/tu/201607/qingchun/lzxaxtfwqmk.jpg 
http://t1.55156.com/uploads/tu/201607/qingchun/55p42ucgxat.jpg 
http://t1.55156.com/uploads/tu/201607/qingchun/lmll2uxqh32.jpg 
http://t1.55156.com/uploads/tu/201607/qingchun/ntnjpya1gmu.jpg 
http://t1.55156.com/uploads/tu/201607/qingchun/vb12i5fvt30.jpg 
http://t1.55156.com/uploads/tu/201607/qingchun/xkdxgcce0za.jpg 
http://t1.55156.com/uploads/tu/201607/qingchun/zl0kfk21bby.jpg 
http://t1.55156.com/uploads/tu/201607/qingchun/0f0vrzf0srj.jpg 
http://t1.55156.com/uploads/tu/201607/qingchun/lp1q2brovjp.jpg 
http://t1.55156.com/uploads/tu/201607/qingchun/eihmv3v12ai.jpg 
http://t1.55156.com/uploads/tu/201607/qingchun/1e5mzskzyyc.jpg 
http://t1.55156.com/uploads/tu/201607/qingchun/igtjdex0roi.jpg 
http://t1.55156.com/uploads/tu/201607/qingchun/acm2taju2dq.jpg 
http://t1.55156.com/uploads/tu/201607/qingchun/cpebzjtqx2c.jpg 
http://t1.55156.com/uploads/tu/201607/qingchun/kb1vt2di5vo.jpg 
http://t1.55156.com/uploads/tu/201607/qingchun/id3hwsgd340.jpg 
http://t1.55156.com/uploads/tu/201607/qingchun/4sa4bicke2v.jpg 
http://t1.55156.com/uploads/tu/201607/qingchun/nqphcdxwekr.jpg 
http://t1.55156.com/uploads/tu/201607/qingchun/bp4kyl50bca.jpg 
http://t1.55156.com/uploads/tu/201607/qingchun/k21baia1qwn.jpg 
http://t1.55156.com/uploads/tu/201607/qingchun/c3uvm30f2o5.jpg 
http://t1.55156.com/uploads/tu/201607/qingchun/tqdeph1e1jn.jpg 
http://t1.55156.com/uploads/tu/201607/qingchun/txjlebtgzkd.jpg 
http://t1.55156.com/uploads/tu/201607/qingchun/izm1nqed3fi.jpg 
http://t1.55156.com/uploads/tu/201607/qingchun/ygw0j0qspjn.jpg 
http://t1.55156.com/uploads/tu/201607/qingchun/anykgihpeaw.jpg 
http://t1.55156.com/uploads/tu/201607/qingchun/ngk3oege3bb.jpg 
http://t1.55156.com/uploads/tu/201607/qingchun/iheix2c5ygb.jpg 
http://t1.55156.com/uploads/tu/201607/qingchun/alrhgkxe53w.jpg 
http://t1.55156.com/uploads/tu/201607/qingchun/d4e30xtby3c.jpg 
http://t1.55156.com/uploads/tu/201607/qingchun/jvykr11f1ms.jpg 
http://t1.55156.com/uploads/tu/201607/qingchun/3soxe054dwd.jpg 
http://t1.55156.com/uploads/tu/201607/qingchun/2qhq3hmzj0b.jpg 
http://t1.55156.com/uploads/tu/201607/qingchun/t1o3u2synix.jpg 
http://t1.55156.com/uploads/tu/201607/qingchun/lwey0dn0fr0.jpg 
http://t1.55156.com/uploads/tu/201607/qingchun/4rcrah1ae2m.jpg 
http://t1.55156.com/uploads/tu/201607/qingchun/mbv0k2eacpf.jpg 
http://t1.55156.com/uploads/tu/201607/qingchun/12cdu3fpi05.jpg 
http://t1.55156.com/uploads/tu/201607/qingchun/r2nsy0xa3v2.jpg 
http://t1.55156.com/uploads/tu/201607/qingchun/oxquxqf5s5x.jpg 
http://t1.55156.com/uploads/tu/201607/qingchun/vwfa2xvxrnd.jpg 
http://t1.55156.com/uploads/tu/201607/qingchun/tmtuyuqgy3l.jpg 
http://t1.55156.com/uploads/tu/201607/qingchun/vjb5jk0ezru.jpg 
http://t1.55156.com/uploads/tu/201607/qingchun/m5na3bkt1gu.jpg 
http://t1.55156.com/uploads/tu/201607/qingchun/xbt0iuycoj4.jpg 
http://t1.55156.com/uploads/tu/201607/qingchun/4s5zdhfv1bf.jpg 
http://t1.55156.com/uploads/tu/201607/qingchun/k3wuzcwuphc.jpg 
http://t1.55156.com/uploads/tu/201607/qingchun/jiatuklgoxe.jpg 
http://t1.55156.com/uploads/tu/201607/qingchun/wzr4nu020d0.jpg 
http://t1.55156.com/uploads/tu/201607/qingchun/k00wsj4fxwj.jpg 
http://t1.55156.com/uploads/tu/201607/qingchun/we5yvjm1pqj.jpg 
http://t1.55156.com/uploads/tu/201607/qingchun/lan2kqemwd1.jpg 
http://t1.55156.com/uploads/tu/201607/qingchun/brodryf4w1t.jpg 
http://t1.55156.com/uploads/tu/201607/qingchun/eyvadokbljs.jpg 
http://t1.55156.com/uploads/tu/201607/qingchun/innirg54o23.jpg 
http://t1.55156.com/uploads/tu/201607/qingchun/hz4hpc0ckjd.jpg 
http://t1.55156.com/uploads/tu/201607/qingchun/1skbhgjdhez.jpg 
http://t1.55156.com/uploads/tu/201607/qingchun/s5qimqj0qrl.jpg 
http://t1.55156.com/uploads/tu/201607/qingchun/azj54kv0hlm.jpg 
http://t1.55156.com/uploads/tu/201607/qingchun/em0103n1wjc.jpg 
http://t1.55156.com/uploads/tu/201607/qingchun/mc0nj1ytd2h.jpg 
http://t1.55156.com/uploads/tu/201607/qingchun/g42q2swe4g3.jpg 
http://t1.55156.com/uploads/tu/201607/qingchun/bxogv0t5rfb.jpg 
http://t1.55156.com/uploads/tu/201607/qingchun/ffdk01ln2lh.jpg 
http://t1.55156.com/uploads/tu/201607/qingchun/v01txn4sv5m.jpg 
http://t1.55156.com/uploads/tu/201607/qingchun/n1bt4p120ha.jpg 
http://t1.55156.com/uploads/tu/201607/qingchun/z534nv5ab5x.jpg 
http://t1.55156.com/uploads/tu/201607/qingchun/n0fdlhclrsg.jpg 
http://t1.55156.com/uploads/tu/201607/qingchun/klc24y4cfgz.jpg 
http://t1.55156.com/uploads/tu/201607/qingchun/j1od0ja113h.jpg 
http://t1.55156.com/uploads/tu/201607/qingchun/442sz1qkl2l.jpg 
http://t1.55156.com/uploads/tu/201607/qingchun/q4wbtycwdwz.jpg 
http://t1.55156.com/uploads/tu/201607/qingchun/kvmas342yxn.jpg 
http://t1.55156.com/uploads/tu/201607/qingchun/piplrfh2jwf.jpg 
http://t1.55156.com/uploads/tu/201607/qingchun/4ty3zry3myw.jpg 
http://t1.55156.com/uploads/tu/201607/qingchun/haiwf22ppi2.jpg 
http://t1.55156.com/uploads/tu/201607/qingchun/wtmzv4yzg2d.jpg 
http://t1.55156.com/uploads/tu/201607/qingchun/j4i3j23sd1p.jpg 
http://t1.55156.com/uploads/tu/201607/qingchun/sbrgtm1ldeg.jpg 
http://t1.55156.com/uploads/tu/201607/qingchun/kczwzjkhirs.jpg 
http://t1.55156.com/uploads/tu/201607/qingchun/3recld02irb.jpg 
http://t1.55156.com/uploads/tu/201607/qingchun/r0euauqv2j3.jpg 
http://t1.55156.com/uploads/tu/201607/qingchun/kndkl5tspwx.jpg 
http://t1.55156.com/uploads/tu/201607/qingchun/yxp5xky1mva.jpg 
http://t1.55156.com/uploads/tu/201607/qingchun/uhtagrluyqt.jpg 
http://t1.55156.com/uploads/tu/201607/qingchun/lwcmwarfvw5.jpg 
http://t1.55156.com/uploads/tu/201607/qingchun/pxwo0t2yig1.jpg 
http://t1.55156.com/uploads/tu/201607/qingchun/u1r5gmvsksn.jpg 
http://t1.55156.com/uploads/tu/201607/qingchun/o4krlk3nam2.jpg 
http://t1.55156.com/uploads/tu/201607/qingchun/qemazfjp1yp.jpg 
http://t1.55156.com/uploads/tu/201607/qingchun/p1eutky2obl.jpg 
http://t1.55156.com/uploads/tu/201607/qingchun/nna4enheifa.jpg 
http://t1.55156.com/uploads/tu/201607/qingchun/r4ujcz0pvae.jpg 
http://t1.55156.com/uploads/tu/201607/qingchun/otaxzxqgpdg.jpg 
http://t1.55156.com/uploads/tu/201607/qingchun/turvfglhhgl.jpg 
http://t1.55156.com/uploads/tu/201607/qingchun/rjacajceenf.jpg 
http://t1.55156.com/uploads/tu/201607/qingchun/pyzcvu2h03a.jpg 
http://t1.55156.com/uploads/tu/201607/qingchun/y4k5eiuhd5u.jpg 
http://t1.55156.com/uploads/tu/201607/qingchun/ijz4fmufpqj.jpg 
http://t1.55156.com/uploads/tu/201607/qingchun/kavddra1vzm.jpg 
http://t1.55156.com/uploads/tu/201607/qingchun/wj3v4lcxicz.jpg 
http://t1.55156.com/uploads/tu/201607/qingchun/fqab4udtj3c.jpg 
http://t1.55156.com/uploads/tu/201607/qingchun/alb45qo1rie.jpg 
http://t1.55156.com/uploads/tu/201607/qingchun/izmdy3dhnla.jpg 
http://t1.55156.com/uploads/tu/201607/qingchun/w2enshs4yiu.jpg 
http://t1.55156.com/uploads/tu/201607/qingchun/5nqvft4fozi.jpg 
http://t1.55156.com/uploads/tu/201607/qingchun/1nhrkjh2vcn.jpg 
http://t1.55156.com/uploads/tu/201607/qingchun/0ge0pkmtk4o.jpg 
http://t1.55156.com/uploads/tu/201607/qingchun/04oe4e0vk4r.jpg 
http://t1.55156.com/uploads/tu/201607/qingchun/zonlmehu33f.jpg 
http://t1.55156.com/uploads/tu/201607/qingchun/ja4tjcygucu.jpg 
http://t1.55156.com/uploads/tu/201607/qingchun/sk0swjy2d2m.jpg 
http://t1.55156.com/uploads/tu/201607/qingchun/pfew0hac0d5.jpg 
http://t1.55156.com/uploads/tu/201607/qingchun/dluflyrehbv.jpg 
http://t1.55156.com/uploads/tu/201607/qingchun/0k3pehmrjt4.jpg 
http://t1.55156.com/uploads/tu/201607/qingchun/czyj03jxrvs.jpg 
http://t1.55156.com/uploads/tu/201607/qingchun/d33cl3vo2n1.jpg 
http://t1.55156.com/uploads/tu/201607/qingchun/x3bqwv1pr2o.jpg 
http://t1.55156.com/uploads/tu/201607/qingchun/4slt5qq1lbw.jpg 
http://t1.55156.com/uploads/tu/201607/qingchun/xasng4h5r34.jpg 
http://t1.55156.com/uploads/tu/201607/qingchun/0niai1oytc3.jpg 
http://t1.55156.com/uploads/tu/201607/qingchun/4gi1hicwuno.jpg 
http://t1.55156.com/uploads/tu/201607/qingchun/fnxfmvzoupe.jpg 
http://t1.55156.com/uploads/tu/201607/qingchun/1w4aryh3gnd.jpg 
http://t1.55156.com/uploads/tu/201607/qingchun/gbbgg0izobv.jpg 
http://t1.55156.com/uploads/tu/201607/qingchun/xkskveorjf2.jpg 
http://t1.55156.com/uploads/tu/201607/qingchun/invte0k02ic.jpg 
http://t1.55156.com/uploads/tu/201607/qingchun/efovybs0du0.jpg 
http://t1.55156.com/uploads/tu/201607/qingchun/kjbepkpqhyz.jpg 
http://t1.55156.com/uploads/tu/201607/qingchun/sl41c0kf14k.jpg 
http://t1.55156.com/uploads/tu/201607/qingchun/0vdbjwom2kf.jpg 
http://t1.55156.com/uploads/tu/201607/qingchun/cstdvws5v3s.jpg 
http://t1.55156.com/uploads/tu/201607/qingchun/wh52vpqcybl.jpg 
http://t1.55156.com/uploads/tu/201607/qingchun/lffnigmltma.jpg 
http://t1.55156.com/uploads/tu/201607/qingchun/o1m1rygzo0h.jpg 
http://t1.55156.com/uploads/tu/201607/qingchun/nmpyqloq15s.jpg 
http://t1.55156.com/uploads/tu/201607/qingchun/2ahj4rn0fvp.jpg 
http://t1.55156.com/uploads/tu/201607/qingchun/dqr44lloj3g.jpg 
http://t1.55156.com/uploads/tu/201607/qingchun/dvnp1gmhowx.jpg 
http://t1.55156.com/uploads/tu/201607/qingchun/fblkbkwzver.jpg 
http://t1.55156.com/uploads/tu/201607/qingchun/pxbbctuxrjh.jpg 
http://t1.55156.com/uploads/tu/201607/qingchun/j0jympslsv0.jpg 
http://t1.55156.com/uploads/tu/201607/qingchun/n0wmfya0x0l.jpg 
http://t1.55156.com/uploads/tu/201607/qingchun/dk3fy0ffriy.jpg 
http://t1.55156.com/uploads/tu/201607/qingchun/ctu0sxy2g4b.jpg 
http://t1.55156.com/uploads/tu/201607/qingchun/jiizhczkn3h.jpg 
http://t1.55156.com/uploads/tu/201607/qingchun/1rzndu0w4g5.jpg 
http://t1.55156.com/uploads/tu/201607/qingchun/0ctynfwqb2w.jpg 
http://t1.55156.com/uploads/tu/201607/qingchun/1y2ijhhvrza.jpg 
http://t1.55156.com/uploads/tu/201607/qingchun/wweygdhtxie.jpg 
http://t1.55156.com/uploads/tu/201607/qingchun/vd2b1sexcvv.jpg 
http://t1.55156.com/uploads/tu/201607/qingchun/ytyeqzijonx.jpg 
http://t1.55156.com/uploads/tu/201607/qingchun/wfshibhpm1s.jpg 
http://t1.55156.com/uploads/tu/201607/qingchun/lgireeavcqy.jpg 
http://t1.55156.com/uploads/tu/201607/qingchun/yye0zxlga2r.jpg 
http://t1.55156.com/uploads/tu/201607/qingchun/qrygv35t0r0.jpg 
http://t1.55156.com/uploads/tu/201607/qingchun/w2zj2rxvzfq.jpg 
http://t1.55156.com/uploads/tu/201607/qingchun/noaeay41wim.jpg 
http://t1.55156.com/uploads/tu/201607/qingchun/ibhok3gos3r.jpg 
http://t1.55156.com/uploads/tu/201607/qingchun/0ktkh2k3o2d.jpg 
http://t1.55156.com/uploads/tu/201607/qingchun/szb4dpweb11.jpg 
http://t1.55156.com/uploads/tu/201607/qingchun/afb1pci5qgr.jpg 
http://t1.55156.com/uploads/tu/201607/qingchun/4wj4fbjgiag.jpg 
http://t1.55156.com/uploads/tu/201607/qingchun/nrwzc3ehiz0.jpg 
http://t1.55156.com/uploads/tu/201607/qingchun/uioxou1s2d1.jpg 
http://t1.55156.com/uploads/tu/201607/qingchun/41vx34ngxyz.jpg 
http://t1.55156.com/uploads/tu/201607/qingchun/qrkghbi3dqr.jpg 
http://t1.55156.com/uploads/tu/201607/qingchun/queseudu50k.jpg 
http://t1.55156.com/uploads/tu/201607/qingchun/utwzr4p3zyr.jpg 
http://t1.55156.com/uploads/tu/201607/qingchun/qtmuymonja4.jpg 
http://t1.55156.com/uploads/tu/201607/qingchun/eqetyh0d3gv.jpg 
http://t1.55156.com/uploads/tu/201607/qingchun/u14sc25f5nh.jpg 
http://t1.55156.com/uploads/tu/201607/qingchun/kzz2kqzwe4t.jpg 
http://t1.55156.com/uploads/tu/201607/qingchun/cabtqcq4ryf.jpg 
http://t1.55156.com/uploads/tu/201607/qingchun/5k1sb3ggfmv.jpg 
http://t1.55156.com/uploads/tu/201607/qingchun/ftzmfhexlny.jpg 
http://t1.55156.com/uploads/tu/201607/qingchun/foy1skutpxj.jpg 
http://t1.55156.com/uploads/tu/201607/qingchun/zqbtfif3ez0.jpg 
http://t1.55156.com/uploads/tu/201607/qingchun/dtmi4ever1t.jpg 
http://t1.55156.com/uploads/tu/201607/qingchun/fciovfpkqy0.jpg 
http://t1.55156.com/uploads/tu/201607/qingchun/0v4h2wlte3v.jpg 
http://t1.55156.com/uploads/tu/201607/qingchun/erdlieisqyu.jpg 
http://t1.55156.com/uploads/tu/201607/qingchun/c5a52wc0sbs.jpg 
http://t1.55156.com/uploads/tu/201607/qingchun/ri15a1jahcq.jpg 
http://t1.55156.com/uploads/tu/201607/qingchun/j3mp5znueiv.jpg 
http://t1.55156.com/uploads/tu/201607/qingchun/iy030xo3eug.jpg 
http://t1.55156.com/uploads/tu/201607/qingchun/nnmbcooa3y2.jpg 
http://t1.55156.com/uploads/tu/201607/qingchun/ijsazq3z4c5.jpg 
http://t1.55156.com/uploads/tu/201607/qingchun/1uotppjausw.jpg 
http://t1.55156.com/uploads/tu/201607/qingchun/lokrbtmaoeo.jpg 
http://t1.55156.com/uploads/tu/201607/qingchun/sxziwwo3u35.jpg 
http://t1.55156.com/uploads/tu/201607/qingchun/ar1wz23qsxg.jpg 
http://t1.55156.com/uploads/tu/201607/qingchun/dv0r22q4p2c.jpg 
http://t1.55156.com/uploads/tu/201607/qingchun/ejwacvsgw11.jpg 
http://t1.55156.com/uploads/tu/201607/qingchun/n4rg1mgngkm.jpg 
http://t1.55156.com/uploads/tu/201607/qingchun/qnmzulmofks.jpg 
http://t1.55156.com/uploads/tu/201607/qingchun/idufemjckbz.jpg 
http://t1.55156.com/uploads/tu/201607/qingchun/mowzbsv3wv5.jpg 
http://t1.55156.com/uploads/tu/201607/qingchun/yv4swzve1lx.jpg 
http://t1.55156.com/uploads/tu/201607/qingchun/4k4vwwvi0dc.jpg 
http://t1.55156.com/uploads/tu/201607/qingchun/1rywuodrjfe.jpg 
http://t1.55156.com/uploads/tu/201607/qingchun/kduxbdx5czd.jpg 
http://t1.55156.com/uploads/tu/201607/qingchun/sjspl5ownhh.jpg 
http://t1.55156.com/uploads/tu/201607/qingchun/npgavh2frw2.jpg 
http://t1.55156.com/uploads/tu/201607/qingchun/pmifvpjzwpd.jpg 
http://t1.55156.com/uploads/tu/201607/qingchun/qfdpbvcdvno.jpg 
http://t1.55156.com/uploads/tu/201607/qingchun/04r2xej2dr2.jpg 
http://t1.55156.com/uploads/tu/201607/qingchun/koytjrb02ez.jpg 
http://t1.55156.com/uploads/tu/201607/qingchun/4rb41rcdesc.jpg 
http://t1.55156.com/uploads/tu/201607/qingchun/ghjhkytjlkp.jpg 
http://t1.55156.com/uploads/tu/201607/qingchun/legmk245eri.jpg 
http://t1.55156.com/uploads/tu/201607/qingchun/5cm1qcx51xa.jpg 
http://t1.55156.com/uploads/tu/201607/qingchun/cersay5hxgl.jpg 
http://t1.55156.com/uploads/tu/201607/qingchun/qdnqgem5ebr.jpg 
http://t1.55156.com/uploads/tu/201607/qingchun/qzrnp3g44a2.jpg 
http://t1.55156.com/uploads/tu/201607/qingchun/fvcqwvwxzq3.jpg 
http://t1.55156.com/uploads/tu/201607/qingchun/ou41gvrtbfr.jpg 
http://t1.55156.com/uploads/tu/201607/qingchun/mi4rif3yiry.jpg 
http://t1.55156.com/uploads/tu/201607/qingchun/kvvqfv4c3wt.jpg 
http://t1.55156.com/uploads/tu/201607/qingchun/qrfzujavlor.jpg 
http://t1.55156.com/uploads/tu/201607/qingchun/2mvpjqhpkeb.jpg 
http://t1.55156.com/uploads/tu/201607/qingchun/ozeotz5y020.jpg 
http://t1.55156.com/uploads/tu/201607/qingchun/02oaiirar10.jpg 
http://t1.55156.com/uploads/tu/201607/qingchun/lb3ow1by0ee.jpg 
http://t1.55156.com/uploads/tu/201607/qingchun/ohx4naau240.jpg 
http://t1.55156.com/uploads/tu/201607/qingchun/ojxb1uehlkm.jpg 
http://t1.55156.com/uploads/tu/201607/qingchun/4lw5fyjxizb.jpg 
http://t1.55156.com/uploads/tu/201607/qingchun/s3iehfluavi.jpg 
http://t1.55156.com/uploads/tu/201607/qingchun/iydzyjzxnon.jpg 
http://t1.55156.com/uploads/tu/201607/qingchun/akdb5bhphrg.jpg 
http://t1.55156.com/uploads/tu/201607/qingchun/njcmfo1o2lx.jpg 
http://t1.55156.com/uploads/tu/201607/qingchun/vbahvjs1uvy.jpg 
http://t1.55156.com/uploads/tu/201607/qingchun/vr0dsu5fxr1.jpg 
http://t1.55156.com/uploads/tu/201607/qingchun/nsatw3wiux3.jpg 
http://t1.55156.com/uploads/tu/201607/qingchun/znwi35edtrg.jpg 
http://t1.55156.com/uploads/tu/201607/qingchun/5nv1alsrcgw.jpg 
http://t1.55156.com/uploads/tu/201607/qingchun/daele30vz2o.jpg 
http://t1.55156.com/uploads/tu/201607/qingchun/zctjsykh4tq.jpg 
http://t1.55156.com/uploads/tu/201607/qingchun/qggudfh1s3z.jpg 
http://t1.55156.com/uploads/tu/201607/qingchun/ryq3t215bev.jpg 
http://t1.55156.com/uploads/tu/201607/qingchun/4xqde5nhtll.jpg 
http://t1.55156.com/uploads/tu/201607/qingchun/zgogmlzlb45.jpg 
http://t1.55156.com/uploads/tu/201607/qingchun/2b03aux5cxb.jpg 
http://t1.55156.com/uploads/tu/201607/qingchun/bjeolgrigdy.jpg 
http://t1.55156.com/uploads/tu/201607/qingchun/crwjd1q0ilq.jpg 
http://t1.55156.com/uploads/tu/201607/qingchun/5oz1uve253n.jpg 
http://t1.55156.com/uploads/tu/201607/qingchun/uvln0fbcjez.jpg 
http://t1.55156.com/uploads/tu/201607/qingchun/hlmji4dyzfd.jpg 
http://t1.55156.com/uploads/tu/201607/qingchun/1nfih1eegfv.jpg 
http://t1.55156.com/uploads/tu/201607/qingchun/etqca54gwkv.jpg 
http://t1.55156.com/uploads/tu/201607/qingchun/nynahpdwu04.jpg 
http://t1.55156.com/uploads/tu/201607/qingchun/p2t3kkbbmrj.jpg 
http://t1.55156.com/uploads/tu/201607/qingchun/voz4euqxluk.jpg 
http://t1.55156.com/uploads/tu/201607/qingchun/exffpxv5eij.jpg 
http://t1.55156.com/uploads/tu/201607/qingchun/xzdgpet1sbu.jpg 
http://t1.55156.com/uploads/tu/201607/qingchun/j3bbe2bdxhn.jpg 
http://t1.55156.com/uploads/tu/201607/qingchun/kannzorxnjc.jpg 
http://t1.55156.com/uploads/tu/201607/qingchun/gn5nvmap3po.jpg 
http://t1.55156.com/uploads/tu/201607/qingchun/splena1thnb.jpg 
http://t1.55156.com/uploads/tu/201607/qingchun/m1ge4vkcoch.jpg 
http://t1.55156.com/uploads/tu/201607/qingchun/hagd3f3k5a5.jpg 
http://t1.55156.com/uploads/tu/201607/qingchun/3mnqzpqftwv.jpg 
http://t1.55156.com/uploads/tu/201607/qingchun/14hfoipsn3a.jpg 
http://t1.55156.com/uploads/tu/201607/qingchun/3ulr1lt2xqo.jpg 
http://t1.55156.com/uploads/tu/201607/qingchun/f3zdld3fh4r.jpg 
http://t1.55156.com/uploads/tu/201607/qingchun/bxguwtftot3.jpg 
http://t1.55156.com/uploads/tu/201607/qingchun/1vuo3romhc2.jpg 
http://t1.55156.com/uploads/tu/201607/qingchun/13rkqihgzmd.jpg 
http://t1.55156.com/uploads/tu/201607/qingchun/up3srepzkk5.jpg 
http://t1.55156.com/uploads/tu/201607/qingchun/bfi5olzzvmy.jpg 
http://t1.55156.com/uploads/tu/201607/qingchun/vykqdie1qt2.jpg 
http://t1.55156.com/uploads/tu/201607/qingchun/h4ahttcvbig.jpg 
http://t1.55156.com/uploads/tu/201607/qingchun/a5leyfzngot.jpg 
http://t1.55156.com/uploads/tu/201607/qingchun/dtrflgqfnzo.jpg 
http://t1.55156.com/uploads/tu/201607/qingchun/xn1oi24efkl.jpg 
http://t1.55156.com/uploads/tu/201607/qingchun/sndrp1lmywv.jpg 
http://t1.55156.com/uploads/tu/201607/qingchun/qrrhvllllct.jpg 
http://t1.55156.com/uploads/tu/201607/qingchun/tvkk4lwinxj.jpg 
http://t1.55156.com/uploads/tu/201607/qingchun/2opj1s5so0b.jpg 
http://t1.55156.com/uploads/tu/201607/qingchun/gfh1akl5anv.jpg 
http://t1.55156.com/uploads/tu/201607/qingchun/2a5cj44djbs.jpg 
http://t1.55156.com/uploads/tu/201607/qingchun/ychkm0wt2mc.jpg 
http://t1.55156.com/uploads/tu/201607/qingchun/n3nbogfqen3.jpg 
http://t1.55156.com/uploads/tu/201607/qingchun/scq3xbupnty.jpg 
http://t1.55156.com/uploads/tu/201607/qingchun/ogi4plijr54.jpg 
http://t1.55156.com/uploads/tu/201607/qingchun/fkrue0uljtc.jpg 
http://t1.55156.com/uploads/tu/201607/qingchun/n2tshinebpt.jpg 
http://t1.55156.com/uploads/tu/201607/qingchun/yxat0b1kv2j.jpg 
http://t1.55156.com/uploads/tu/201607/qingchun/b0xux301h0m.jpg 
http://t1.55156.com/uploads/tu/201607/qingchun/thgbna2mu3w.jpg 
http://t1.55156.com/uploads/tu/201607/qingchun/mmrhzlan00d.jpg 
http://t1.55156.com/uploads/tu/201607/qingchun/ua3pt5rx5j3.jpg 
http://t1.55156.com/uploads/tu/201607/qingchun/okdb1g5r1jw.jpg 
http://t1.55156.com/uploads/tu/201607/qingchun/x1igxnklfwf.jpg 
http://t1.55156.com/uploads/tu/201607/qingchun/screqywmihk.jpg 
http://t1.55156.com/uploads/tu/201607/qingchun/x4cju222icn.jpg 
http://t1.55156.com/uploads/tu/201607/qingchun/nmsb5c5yz31.jpg 
http://t1.55156.com/uploads/tu/201607/qingchun/gcen54002bf.jpg 
http://t1.55156.com/uploads/tu/201607/qingchun/5mhievygch3.jpg 
http://t1.55156.com/uploads/tu/201607/qingchun/doe2235kstt.jpg 
http://t1.55156.com/uploads/tu/201607/qingchun/cqwkkpptair.jpg 
http://t1.55156.com/uploads/tu/201607/qingchun/bl5q1uj22pt.jpg 
http://t1.55156.com/uploads/tu/201607/qingchun/54fpelb3bvb.jpg 
http://t1.55156.com/uploads/tu/201607/qingchun/31x1qcvrgwj.jpg 
http://t1.55156.com/uploads/tu/201607/qingchun/accefsbqzmi.jpg 
http://t1.55156.com/uploads/tu/201607/qingchun/2ees40gmfm3.jpg 
http://t1.55156.com/uploads/tu/201607/qingchun/cm1r4sy32xe.jpg 
http://t1.55156.com/uploads/tu/201607/qingchun/w1eavf3ma4m.jpg 
http://t1.55156.com/uploads/tu/201607/qingchun/bdrhqbxctnx.jpg 
http://t1.55156.com/uploads/tu/201607/qingchun/wdzzgf30ns3.jpg 
http://t1.55156.com/uploads/tu/201607/qingchun/jkx3fu3lyw1.jpg 
http://t1.55156.com/uploads/tu/201607/qingchun/ryyd3ugsweu.jpg 
http://t1.55156.com/uploads/tu/201607/qingchun/5xgy4gvipe1.jpg 
http://t1.55156.com/uploads/tu/201607/qingchun/pl3ytig0j22.jpg 
http://t1.55156.com/uploads/tu/201607/qingchun/bmvuzbzpvps.jpg 
http://t1.55156.com/uploads/tu/201607/qingchun/3uxjhiet1ud.jpg 
http://t1.55156.com/uploads/tu/201607/qingchun/fmpq5ll44yf.jpg 
http://t1.55156.com/uploads/tu/201607/qingchun/1e1krl0hyb0.jpg 
http://t1.55156.com/uploads/tu/201607/qingchun/cu53srqpkhd.jpg 
http://t1.55156.com/uploads/tu/201607/qingchun/0ae2trlalfc.jpg 
http://t1.55156.com/uploads/tu/201607/qingchun/dfegxzrkypy.jpg 
http://t1.55156.com/uploads/tu/201607/qingchun/ig0hflk1g4p.jpg 
http://t1.55156.com/uploads/tu/201607/qingchun/rfwb50v22ho.jpg 
http://t1.55156.com/uploads/tu/201607/qingchun/mwizjn5tovx.jpg 
http://t1.55156.com/uploads/tu/201607/qingchun/fxziflwtkdb.jpg 
http://t1.55156.com/uploads/tu/201607/qingchun/n44dcqjcguk.jpg 
http://t1.55156.com/uploads/tu/201607/qingchun/aqi44sxxuvr.jpg 
http://t1.55156.com/uploads/tu/201607/qingchun/y1vxop5adqo.jpg 
http://t1.55156.com/uploads/tu/201607/qingchun/y3tlyyxszi1.jpg 
http://t1.55156.com/uploads/tu/201607/qingchun/dsr2ypidire.jpg 
http://t1.55156.com/uploads/tu/201607/qingchun/34o3kihrad5.jpg 
http://t1.55156.com/uploads/tu/201607/qingchun/2jciu1idi3m.jpg 
http://t1.55156.com/uploads/tu/201607/qingchun/bink42toccu.jpg 
http://t1.55156.com/uploads/tu/201607/qingchun/ulkuew0f4po.jpg 
http://t1.55156.com/uploads/tu/201607/qingchun/bnlfrvzcm2h.jpg 
http://t1.55156.com/uploads/tu/201607/qingchun/s5a21nrqfgj.jpg 
http://t1.55156.com/uploads/tu/201607/qingchun/fxch3ywsyvh.jpg 
http://t1.55156.com/uploads/tu/201607/qingchun/4wgic1mgam4.jpg 
http://t1.55156.com/uploads/tu/201607/qingchun/nwymksl1b4e.jpg 
http://t1.55156.com/uploads/tu/201607/qingchun/qc0pouvi2rr.jpg 
http://t1.55156.com/uploads/tu/201607/qingchun/p22xjeqqps2.jpg 
http://t1.55156.com/uploads/tu/201607/qingchun/gb4lznvl1bj.jpg 
http://t1.55156.com/uploads/tu/201607/qingchun/y1wfbrubfzx.jpg 
http://t1.55156.com/uploads/tu/201607/qingchun/plobj0mh31w.jpg 
http://t1.55156.com/uploads/tu/201607/qingchun/ezljmsrii30.jpg 
http://t1.55156.com/uploads/tu/201607/qingchun/3k2lahaa4wu.jpg 
http://t1.55156.com/uploads/tu/201607/qingchun/x3i5oufke3h.jpg 
http://t1.55156.com/uploads/tu/201607/qingchun/po5fubingxv.jpg 
http://t1.55156.com/uploads/tu/201607/qingchun/z4dv5o4h1w1.jpg 
http://t1.55156.com/uploads/tu/201607/qingchun/4jaf5dtht0o.jpg 
http://t1.55156.com/uploads/tu/201607/qingchun/0r220kxgdgx.jpg 
http://t1.55156.com/uploads/tu/201607/qingchun/sgmnh5j5hzo.jpg 
http://t1.55156.com/uploads/tu/201607/qingchun/dqlou2xmodd.jpg 
http://t1.55156.com/uploads/tu/201607/qingchun/t2lvx31gbdl.jpg 
http://t1.55156.com/uploads/tu/201607/qingchun/uzjcdimmh4l.jpg 
http://t1.55156.com/uploads/tu/201607/qingchun/ntr0ljivnom.jpg 
http://t1.55156.com/uploads/tu/201607/qingchun/k1a3v5qtio1.jpg 
http://t1.55156.com/uploads/tu/201607/qingchun/4emttbzsyio.jpg 
http://t1.55156.com/uploads/tu/201607/qingchun/ncjcxpwqee0.jpg 
http://t1.55156.com/uploads/tu/201607/qingchun/bwm5jre3ped.jpg 
http://t1.55156.com/uploads/tu/201607/qingchun/g53ufevxx3d.jpg 
http://t1.55156.com/uploads/tu/201607/qingchun/oxlnvdq3ikv.jpg 
http://t1.55156.com/uploads/tu/201607/qingchun/oeikrhnsmy3.jpg 
http://t1.55156.com/uploads/tu/201607/qingchun/vcspvqkft35.jpg 
http://t1.55156.com/uploads/tu/201607/qingchun/41np52ohb51.jpg 
http://t1.55156.com/uploads/tu/201607/qingchun/kwt4umfxj3l.jpg 
http://t1.55156.com/uploads/tu/201607/qingchun/gkesyivxa2t.jpg 
http://t1.55156.com/uploads/tu/201607/qingchun/zfr0iiottjb.jpg 
http://t1.55156.com/uploads/tu/201607/qingchun/ywy11ntyohw.jpg 
http://t1.55156.com/uploads/tu/201607/qingchun/u2jv1ylxnbv.jpg 
http://t1.55156.com/uploads/tu/201607/qingchun/ngvgrtons50.jpg 
http://t1.55156.com/uploads/tu/201607/qingchun/5vqs3iguc2x.jpg 
http://t1.55156.com/uploads/tu/201607/qingchun/0tzffpvwn15.jpg 
http://t1.55156.com/uploads/tu/201607/qingchun/i1vdjdwotxh.jpg 
http://t1.55156.com/uploads/tu/201607/qingchun/5zhgcenj3ue.jpg 
http://t1.55156.com/uploads/tu/201607/qingchun/fhi11tftvhy.jpg 
http://t1.55156.com/uploads/tu/201607/qingchun/tv4ahc35ujq.jpg 
http://t1.55156.com/uploads/tu/201607/qingchun/m11tu1ed44b.jpg 
http://t1.55156.com/uploads/tu/201607/qingchun/23lrsw0lncc.jpg 
http://t1.55156.com/uploads/tu/201607/qingchun/fdkcyqsksyl.jpg 
http://t1.55156.com/uploads/tu/201607/qingchun/iw4gst1dzdf.jpg 
http://t1.55156.com/uploads/tu/201607/qingchun/aw512osroqf.jpg 
http://t1.55156.com/uploads/tu/201607/qingchun/ift2ipu0nb2.jpg 
http://t1.55156.com/uploads/tu/201607/qingchun/4mp0g2nhng5.jpg 
http://t1.55156.com/uploads/tu/201607/qingchun/kg1nyftjjid.jpg 
http://t1.55156.com/uploads/tu/201607/qingchun/mgvip0zigin.jpg 
http://t1.55156.com/uploads/tu/201607/qingchun/tjvhmfoco3y.jpg 
http://t1.55156.com/uploads/tu/201607/qingchun/zudha05tpp0.jpg 
http://t1.55156.com/uploads/tu/201607/qingchun/zhxogg0qvjk.jpg 
http://t1.55156.com/uploads/tu/201607/qingchun/yugqvm0qbxr.jpg 
http://t1.55156.com/uploads/tu/201607/qingchun/1lyu1qood5t.jpg 
http://t1.55156.com/uploads/tu/201607/qingchun/wsjbwkx01qp.jpg 
http://t1.55156.com/uploads/tu/201607/qingchun/hydfr54qrk1.jpg 
http://t1.55156.com/uploads/tu/201607/qingchun/knkthb5eqwa.jpg 
http://t1.55156.com/uploads/tu/201607/qingchun/rapsf2bzqz1.jpg 
http://t1.55156.com/uploads/tu/201607/qingchun/i0jxdendx2j.jpg 
http://t1.55156.com/uploads/tu/201607/qingchun/uyjemvqosut.jpg 
http://t1.55156.com/uploads/tu/201607/qingchun/hc0g1pbuitz.jpg 
http://t1.55156.com/uploads/tu/201607/qingchun/jgplqopgn0c.jpg 
http://t1.55156.com/uploads/tu/201607/qingchun/q0ubdeauyir.jpg 
http://t1.55156.com/uploads/tu/201607/qingchun/lyxgkwsv5qc.jpg 
http://t1.55156.com/uploads/tu/201607/qingchun/k3xtqehngzl.jpg 
http://t1.55156.com/uploads/tu/201607/qingchun/n22msrnckn2.jpg 
http://t1.55156.com/uploads/tu/201607/qingchun/pjnbtxcc41f.jpg 
http://t1.55156.com/uploads/tu/201607/qingchun/3kypcnwmtk3.jpg 
http://t1.55156.com/uploads/tu/201607/qingchun/sy0gjnrgf5x.jpg 
http://t1.55156.com/uploads/tu/201607/qingchun/k0gk3gqp4dq.jpg 
http://t1.55156.com/uploads/tu/201607/qingchun/xsz5xqeuobx.jpg 
http://t1.55156.com/uploads/tu/201607/qingchun/v0dopkudsxe.jpg 
http://t1.55156.com/uploads/tu/201607/qingchun/umwi4kphtnj.jpg 
http://t1.55156.com/uploads/tu/201607/qingchun/4wtekggyqqs.jpg 
http://t1.55156.com/uploads/tu/201607/qingchun/trixrvu1x3l.jpg 
http://t1.55156.com/uploads/tu/201607/qingchun/r0bu1i45flk.jpg 
http://t1.55156.com/uploads/tu/201607/qingchun/j2oerydqdzs.jpg 
http://t1.55156.com/uploads/tu/201607/qingchun/xbop4fasbfu.jpg 
http://t1.55156.com/uploads/tu/201607/qingchun/q3nw0upnati.jpg 
http://t1.55156.com/uploads/tu/201607/qingchun/wj44y1azqir.jpg 
http://t1.55156.com/uploads/tu/201607/qingchun/2txk3ncnc31.jpg 
http://t1.55156.com/uploads/tu/201607/qingchun/t3riedugi0a.jpg 
http://t1.55156.com/uploads/tu/201607/qingchun/pvsugwe1emr.jpg 
http://t1.55156.com/uploads/tu/201607/qingchun/gtoapbgl1zk.jpg 
http://t1.55156.com/uploads/tu/201607/qingchun/1otmlmppbd4.jpg 
http://t1.55156.com/uploads/tu/201607/qingchun/qc5cmtsjcop.jpg 
http://t1.55156.com/uploads/tu/201607/qingchun/v2hylupfaya.jpg 
http://t1.55156.com/uploads/tu/201607/qingchun/r4lg0vxjpco.jpg 
http://t1.55156.com/uploads/tu/201607/qingchun/vejirqsqjj0.jpg 
http://t1.55156.com/uploads/tu/201607/qingchun/rzwxnxz242n.jpg 
http://t1.55156.com/uploads/tu/201607/qingchun/ayaet2hypqx.jpg 
http://t1.55156.com/uploads/tu/201607/qingchun/hqwz51ob02a.jpg 
http://t1.55156.com/uploads/tu/201607/qingchun/42tgvsz0lad.jpg 
http://t1.55156.com/uploads/tu/201607/qingchun/l0xvmopwfl0.jpg 
http://t1.55156.com/uploads/tu/201607/qingchun/mhzu2eyyksf.jpg 
http://t1.55156.com/uploads/tu/201607/qingchun/vmswzkdky0g.jpg 
http://t1.55156.com/uploads/tu/201607/qingchun/kpelsybchmp.jpg 
http://t1.55156.com/uploads/tu/201607/qingchun/2seaz2bsurn.jpg 
http://t1.55156.com/uploads/tu/201607/qingchun/rpnedfb5kjs.jpg 
http://t1.55156.com/uploads/tu/201607/qingchun/2ma1xxksb4v.jpg 
http://t1.55156.com/uploads/tu/201607/qingchun/zgxvxdzc3od.jpg 
http://t1.55156.com/uploads/tu/201607/qingchun/x4d2otkva4u.jpg 
http://t1.55156.com/uploads/tu/201607/qingchun/2ytqt11pzn4.jpg 
http://t1.55156.com/uploads/tu/201607/qingchun/gke0tk4d2wx.jpg 
http://t1.55156.com/uploads/tu/201607/qingchun/mjtei1nzogc.jpg 
http://t1.55156.com/uploads/tu/201607/qingchun/benxx1abyvc.jpg 
